<?xml version="1.0" encoding="UTF-8"?>
<!-- Generated by org.testng.reporters.JUnitXMLReporter -->
<testsuite ignored="0" hostname="DESKTOP-NIPQTDE" failures="0" tests="8" name="Default test" time="55.998" errors="0" timestamp="2024-11-22T20:01:31 IST">
  <testcase classname="basepkg.Baseclass" name="siteLOad" time="7.865"/>
  <testcase classname="testpkg.Lumatest" name="Titleverification" time="0.016"/>
  <testcase classname="testpkg.Lumatest" name="Textverification" time="0.04"/>
  <testcase classname="testpkg.Lumatest" name="Addtocart" time="20.995"/>
  <testcase classname="testpkg.Lumatest" name="checkoutpage" time="8.101"/>
  <testcase classname="testpkg.Lumatest" name="removeitemclick" time="11.146"/>
  <testcase classname="testpkg.Lumatest" name="Screenshotcheck" time="0.233"/>
  <testcase classname="testpkg.Lumatest" name="verifyloginwithcred" time="5.052"/>
</testsuite> <!-- Default test -->
