<?xml version="1.0" encoding="UTF-8"?>
<testng-results ignored="0" total="8" passed="8" failed="0" skipped="0">
  <reporter-output>
  </reporter-output>
  <suite started-at="2024-11-22T20:00:35 IST" name="Default suite" finished-at="2024-11-22T20:01:31 IST" duration-ms="55998">
    <groups>
    </groups>
    <test started-at="2024-11-22T20:00:35 IST" name="Default test" finished-at="2024-11-22T20:01:31 IST" duration-ms="55998">
      <class name="testpkg.Lumatest">
        <test-method is-config="true" signature="setUp()[pri:0, instance:testpkg.Lumatest@3b0fe47a]" started-at="2024-11-22T20:00:36 IST" name="setUp" finished-at="2024-11-22T20:00:38 IST" duration-ms="2423" status="PASS">
          <reporter-output>
          </reporter-output>
        </test-method> <!-- setUp -->
        <test-method signature="siteLOad()[pri:0, instance:testpkg.Lumatest@3b0fe47a]" started-at="2024-11-22T20:00:38 IST" name="siteLOad" finished-at="2024-11-22T20:00:46 IST" duration-ms="7865" status="PASS">
          <reporter-output>
          </reporter-output>
        </test-method> <!-- siteLOad -->
        <test-method signature="Titleverification()[pri:3, instance:testpkg.Lumatest@3b0fe47a]" started-at="2024-11-22T20:00:46 IST" name="Titleverification" finished-at="2024-11-22T20:00:46 IST" duration-ms="16" status="PASS">
          <reporter-output>
          </reporter-output>
        </test-method> <!-- Titleverification -->
        <test-method signature="Textverification()[pri:4, instance:testpkg.Lumatest@3b0fe47a]" started-at="2024-11-22T20:00:46 IST" name="Textverification" finished-at="2024-11-22T20:00:46 IST" duration-ms="40" status="PASS">
          <reporter-output>
          </reporter-output>
        </test-method> <!-- Textverification -->
        <test-method signature="Addtocart()[pri:5, instance:testpkg.Lumatest@3b0fe47a]" started-at="2024-11-22T20:00:46 IST" name="Addtocart" finished-at="2024-11-22T20:01:07 IST" duration-ms="20995" status="PASS">
          <reporter-output>
          </reporter-output>
        </test-method> <!-- Addtocart -->
        <test-method signature="checkoutpage()[pri:6, instance:testpkg.Lumatest@3b0fe47a]" started-at="2024-11-22T20:01:07 IST" name="checkoutpage" finished-at="2024-11-22T20:01:15 IST" duration-ms="8101" status="PASS">
          <reporter-output>
          </reporter-output>
        </test-method> <!-- checkoutpage -->
        <test-method signature="removeitemclick()[pri:7, instance:testpkg.Lumatest@3b0fe47a]" started-at="2024-11-22T20:01:15 IST" name="removeitemclick" finished-at="2024-11-22T20:01:26 IST" duration-ms="11146" status="PASS">
          <reporter-output>
          </reporter-output>
        </test-method> <!-- removeitemclick -->
        <test-method signature="Screenshotcheck()[pri:8, instance:testpkg.Lumatest@3b0fe47a]" started-at="2024-11-22T20:01:26 IST" name="Screenshotcheck" finished-at="2024-11-22T20:01:26 IST" duration-ms="233" status="PASS">
          <reporter-output>
          </reporter-output>
        </test-method> <!-- Screenshotcheck -->
        <test-method signature="verifyloginwithcred()[pri:9, instance:testpkg.Lumatest@3b0fe47a]" started-at="2024-11-22T20:01:26 IST" name="verifyloginwithcred" finished-at="2024-11-22T20:01:31 IST" duration-ms="5052" status="PASS">
          <reporter-output>
          </reporter-output>
        </test-method> <!-- verifyloginwithcred -->
      </class> <!-- testpkg.Lumatest -->
    </test> <!-- Default test -->
  </suite> <!-- Default suite -->
</testng-results>
